2025/06/12 00:05:38 [notice] 1#1: using the "epoll" event method
2025/06/12 00:05:38 [notice] 1#1: nginx/1.27.5
2025/06/12 00:05:38 [notice] 1#1: built by gcc 12.2.0 (Debian 12.2.0-14) 
2025/06/12 00:05:38 [notice] 1#1: OS: Linux 5.15.167.4-microsoft-standard-WSL2
2025/06/12 00:05:38 [notice] 1#1: getrlimit(RLIMIT_NOFILE): 1048576:1048576
2025/06/12 00:05:38 [notice] 1#1: start worker processes
2025/06/12 00:05:38 [notice] 1#1: start worker process 29
2025/06/12 00:05:38 [notice] 1#1: start worker process 30
2025/06/12 00:05:38 [notice] 1#1: start worker process 31
2025/06/12 00:05:38 [notice] 1#1: start worker process 32
2025/06/12 00:05:38 [notice] 1#1: start worker process 33
2025/06/12 00:05:38 [notice] 1#1: start worker process 34
2025/06/12 00:05:38 [notice] 1#1: start worker process 35
2025/06/12 00:05:38 [notice] 1#1: start worker process 36
2025/06/12 00:05:38 [notice] 1#1: start worker process 37
2025/06/12 00:05:38 [notice] 1#1: start worker process 38
2025/06/12 00:05:38 [notice] 1#1: start worker process 39
2025/06/12 00:05:38 [notice] 1#1: start worker process 40
2025/06/12 00:06:43 [error] 29#29: *1 directory index of "/usr/share/nginx/html/" is forbidden, client: 172.21.0.1, server: localhost, request: "GET / HTTP/1.1", host: "localhost:8001"
2025/06/12 00:06:43 [error] 29#29: *1 open() "/usr/share/nginx/html/favicon.ico" failed (2: No such file or directory), client: 172.21.0.1, server: localhost, request: "GET /favicon.ico HTTP/1.1", host: "localhost:8001", referrer: "http://localhost:8001/"
2025/06/12 00:09:44 [notice] 1#1: using the "epoll" event method
2025/06/12 00:09:44 [notice] 1#1: nginx/1.27.5
2025/06/12 00:09:44 [notice] 1#1: built by gcc 12.2.0 (Debian 12.2.0-14) 
2025/06/12 00:09:44 [notice] 1#1: OS: Linux 5.15.167.4-microsoft-standard-WSL2
2025/06/12 00:09:44 [notice] 1#1: getrlimit(RLIMIT_NOFILE): 1048576:1048576
2025/06/12 00:09:44 [notice] 1#1: start worker processes
2025/06/12 00:09:44 [notice] 1#1: start worker process 30
2025/06/12 00:09:44 [notice] 1#1: start worker process 31
2025/06/12 00:09:44 [notice] 1#1: start worker process 32
2025/06/12 00:09:44 [notice] 1#1: start worker process 33
2025/06/12 00:09:44 [notice] 1#1: start worker process 34
2025/06/12 00:09:44 [notice] 1#1: start worker process 35
2025/06/12 00:09:44 [notice] 1#1: start worker process 36
2025/06/12 00:09:44 [notice] 1#1: start worker process 37
2025/06/12 00:09:44 [notice] 1#1: start worker process 38
2025/06/12 00:09:44 [notice] 1#1: start worker process 39
2025/06/12 00:09:44 [notice] 1#1: start worker process 40
2025/06/12 00:09:44 [notice] 1#1: start worker process 41
2025/06/12 00:09:46 [error] 30#30: *1 directory index of "/usr/share/nginx/html/" is forbidden, client: 172.21.0.1, server: localhost, request: "GET / HTTP/1.1", host: "localhost:8001"
2025/06/12 00:11:05 [notice] 1#1: using the "epoll" event method
2025/06/12 00:11:05 [notice] 1#1: nginx/1.27.5
2025/06/12 00:11:05 [notice] 1#1: built by gcc 12.2.0 (Debian 12.2.0-14) 
2025/06/12 00:11:05 [notice] 1#1: OS: Linux 5.15.167.4-microsoft-standard-WSL2
2025/06/12 00:11:05 [notice] 1#1: getrlimit(RLIMIT_NOFILE): 1048576:1048576
2025/06/12 00:11:05 [notice] 1#1: start worker processes
2025/06/12 00:11:05 [notice] 1#1: start worker process 29
2025/06/12 00:11:05 [notice] 1#1: start worker process 30
2025/06/12 00:11:05 [notice] 1#1: start worker process 31
2025/06/12 00:11:05 [notice] 1#1: start worker process 32
2025/06/12 00:11:05 [notice] 1#1: start worker process 33
2025/06/12 00:11:05 [notice] 1#1: start worker process 34
2025/06/12 00:11:05 [notice] 1#1: start worker process 35
2025/06/12 00:11:05 [notice] 1#1: start worker process 36
2025/06/12 00:11:05 [notice] 1#1: start worker process 37
2025/06/12 00:11:05 [notice] 1#1: start worker process 38
2025/06/12 00:11:05 [notice] 1#1: start worker process 39
2025/06/12 00:11:05 [notice] 1#1: start worker process 40
2025/06/12 00:11:08 [error] 29#29: *1 directory index of "/usr/share/nginx/html/" is forbidden, client: 172.21.0.1, server: localhost, request: "GET / HTTP/1.1", host: "localhost:8001"
2025/06/12 00:13:42 [notice] 1#1: using the "epoll" event method
2025/06/12 00:13:42 [notice] 1#1: nginx/1.27.5
2025/06/12 00:13:42 [notice] 1#1: built by gcc 12.2.0 (Debian 12.2.0-14) 
2025/06/12 00:13:42 [notice] 1#1: OS: Linux 5.15.167.4-microsoft-standard-WSL2
2025/06/12 00:13:42 [notice] 1#1: getrlimit(RLIMIT_NOFILE): 1048576:1048576
2025/06/12 00:13:42 [notice] 1#1: start worker processes
2025/06/12 00:13:42 [notice] 1#1: start worker process 29
2025/06/12 00:13:42 [notice] 1#1: start worker process 30
2025/06/12 00:13:42 [notice] 1#1: start worker process 31
2025/06/12 00:13:42 [notice] 1#1: start worker process 32
2025/06/12 00:13:42 [notice] 1#1: start worker process 33
2025/06/12 00:13:42 [notice] 1#1: start worker process 34
2025/06/12 00:13:42 [notice] 1#1: start worker process 35
2025/06/12 00:13:42 [notice] 1#1: start worker process 36
2025/06/12 00:13:42 [notice] 1#1: start worker process 37
2025/06/12 00:13:42 [notice] 1#1: start worker process 38
2025/06/12 00:13:42 [notice] 1#1: start worker process 39
2025/06/12 00:13:42 [notice] 1#1: start worker process 40
2025/06/12 00:14:38 [notice] 1#1: using the "epoll" event method
2025/06/12 00:14:38 [notice] 1#1: nginx/1.27.5
2025/06/12 00:14:38 [notice] 1#1: built by gcc 12.2.0 (Debian 12.2.0-14) 
2025/06/12 00:14:38 [notice] 1#1: OS: Linux 5.15.167.4-microsoft-standard-WSL2
2025/06/12 00:14:38 [notice] 1#1: getrlimit(RLIMIT_NOFILE): 1048576:1048576
2025/06/12 00:14:38 [notice] 1#1: start worker processes
2025/06/12 00:14:38 [notice] 1#1: start worker process 29
2025/06/12 00:14:38 [notice] 1#1: start worker process 30
2025/06/12 00:14:38 [notice] 1#1: start worker process 31
2025/06/12 00:14:38 [notice] 1#1: start worker process 32
2025/06/12 00:14:38 [notice] 1#1: start worker process 33
2025/06/12 00:14:38 [notice] 1#1: start worker process 34
2025/06/12 00:14:38 [notice] 1#1: start worker process 35
2025/06/12 00:14:38 [notice] 1#1: start worker process 36
2025/06/12 00:14:38 [notice] 1#1: start worker process 37
2025/06/12 00:14:38 [notice] 1#1: start worker process 38
2025/06/12 00:14:38 [notice] 1#1: start worker process 39
2025/06/12 00:14:38 [notice] 1#1: start worker process 40
2025/06/12 00:15:03 [notice] 1#1: using the "epoll" event method
2025/06/12 00:15:03 [notice] 1#1: nginx/1.27.5
2025/06/12 00:15:03 [notice] 1#1: built by gcc 12.2.0 (Debian 12.2.0-14) 
2025/06/12 00:15:03 [notice] 1#1: OS: Linux 5.15.167.4-microsoft-standard-WSL2
2025/06/12 00:15:03 [notice] 1#1: getrlimit(RLIMIT_NOFILE): 1048576:1048576
2025/06/12 00:15:03 [notice] 1#1: start worker processes
2025/06/12 00:15:03 [notice] 1#1: start worker process 29
2025/06/12 00:15:03 [notice] 1#1: start worker process 30
2025/06/12 00:15:03 [notice] 1#1: start worker process 31
2025/06/12 00:15:03 [notice] 1#1: start worker process 32
2025/06/12 00:15:03 [notice] 1#1: start worker process 33
2025/06/12 00:15:03 [notice] 1#1: start worker process 34
2025/06/12 00:15:03 [notice] 1#1: start worker process 35
2025/06/12 00:15:03 [notice] 1#1: start worker process 36
2025/06/12 00:15:03 [notice] 1#1: start worker process 37
2025/06/12 00:15:03 [notice] 1#1: start worker process 38
2025/06/12 00:15:03 [notice] 1#1: start worker process 39
2025/06/12 00:15:03 [notice] 1#1: start worker process 40
2025/06/12 00:15:06 [error] 29#29: *1 open() "/usr/share/nginx/html/favicon.ico" failed (2: No such file or directory), client: 172.21.0.1, server: localhost, request: "GET /favicon.ico HTTP/1.1", host: "localhost:8003", referrer: "http://localhost:8003/"
